<?xml version="1.0" encoding="UTF-8"?>
<testsuite name="QuantityMeasurementTest" tests="1" skipped="0" failures="0" errors="0" timestamp="2020-09-04T20:37:53" hostname="EEE1407203" time="0.037">
  <properties/>
  <testcase name="givenFahrenheitAndCelsius_WhenCompared_ShouldReturnNotEqual" classname="QuantityMeasurementTest" time="0.037"/>
  <system-out><![CDATA[]]></system-out>
  <system-err><![CDATA[]]></system-err>
</testsuite>
