<?xml version="1.0" encoding="UTF-8"?>
<testsuite name="QuantityMeasurementTest" tests="1" skipped="0" failures="0" errors="0" timestamp="2020-09-04T15:37:44" hostname="EEE1407203" time="0.005">
  <properties/>
  <testcase name="givenSimilarMeasurement_WhenCompared_ShouldReturnEqual" classname="QuantityMeasurementTest" time="0.005"/>
  <system-out><![CDATA[]]></system-out>
  <system-err><![CDATA[]]></system-err>
</testsuite>
